18:50:16.302 2313 INFO  o.h.validator.internal.util.Version - HV000001: Hibernate Validator 8.0.1.Final
18:50:16.440 2451 INFO  c.e.e.ECommerceDashboardApplication - Starting ECommerceDashboardApplication using Java 17.0.12 with PID 4576 (C:\java_projects\e-commerce-dashboard\e-commerce-dashboard\target\classes started by saad in C:\java_projects\e-commerce-dashboard\e-commerce-dashboard)
18:50:16.443 2454 INFO  c.e.e.ECommerceDashboardApplication - The following 1 profile is active: "dev"
18:50:19.894 5905 INFO  o.s.d.r.c.RepositoryConfigurationDelegate - Bootstrapping Spring Data MongoDB repositories in DEFAULT mode.
18:50:20.120 6131 INFO  o.s.d.r.c.RepositoryConfigurationDelegate - Finished Spring Data repository scanning in 211 ms. Found 3 MongoDB repository interfaces.
18:50:23.105 9116 INFO  o.s.b.w.e.tomcat.TomcatWebServer - Tomcat initialized with port 8081 (http)
18:50:23.147 9158 INFO  o.a.coyote.http11.Http11NioProtocol - Initializing ProtocolHandler ["http-nio-8081"]
18:50:23.163 9174 INFO  o.a.catalina.core.StandardService - Starting service [Tomcat]
18:50:23.166 9177 INFO  o.a.catalina.core.StandardEngine - Starting Servlet engine: [Apache Tomcat/10.1.30]
18:50:23.430 9441 INFO  o.a.c.c.C.[Tomcat].[localhost].[/] - Initializing Spring embedded WebApplicationContext
18:50:23.431 9442 INFO  o.s.b.w.s.c.ServletWebServerApplicationContext - Root WebApplicationContext: initialization completed in 6672 ms
18:50:24.660 10671 INFO  org.mongodb.driver.cluster - Adding discovered server e-commerce-dashboard-shard-00-01.unxzp.mongodb.net:27017 to client view of cluster
18:50:24.664 10675 INFO  org.mongodb.driver.client - MongoClient with metadata {"application": {"name": "e-commerce-dashboard"}, "driver": {"name": "mongo-java-driver|sync|spring-boot", "version": "5.0.1"}, "os": {"type": "Windows", "name": "Windows 11", "architecture": "amd64", "version": "10.0"}, "platform": "Java/Oracle Corporation/17.0.12+8-LTS-286"} created with settings MongoClientSettings{readPreference=primary, writeConcern=WriteConcern{w=majority, wTimeout=null ms, journal=null}, retryWrites=true, retryReads=true, readConcern=ReadConcern{level=null}, credential=MongoCredential{mechanism=null, userName='muhammadsaadoo303', source='admin', password=<hidden>, mechanismProperties=<hidden>}, transportSettings=null, commandListeners=[], codecRegistry=ProvidersCodecRegistry{codecProviders=[ValueCodecProvider{}, BsonValueCodecProvider{}, DBRefCodecProvider{}, DBObjectCodecProvider{}, DocumentCodecProvider{}, CollectionCodecProvider{}, IterableCodecProvider{}, MapCodecProvider{}, GeoJsonCodecProvider{}, GridFSFileCodecProvider{}, Jsr310CodecProvider{}, JsonObjectCodecProvider{}, BsonCodecProvider{}, EnumCodecProvider{}, com.mongodb.client.model.mql.ExpressionCodecProvider@6c977dcf, com.mongodb.Jep395RecordCodecProvider@661d6bb6, com.mongodb.KotlinCodecProvider@733fb462]}, loggerSettings=LoggerSettings{maxDocumentLength=1000}, clusterSettings={hosts=[127.0.0.1:27017], srvHost=e-commerce-dashboard.unxzp.mongodb.net, srvServiceName=mongodb, mode=MULTIPLE, requiredClusterType=REPLICA_SET, requiredReplicaSetName='atlas-75g8zl-shard-0', serverSelector='null', clusterListeners='[]', serverSelectionTimeout='30000 ms', localThreshold='15 ms'}, socketSettings=SocketSettings{connectTimeoutMS=10000, readTimeoutMS=0, receiveBufferSize=0, proxySettings=ProxySettings{host=null, port=null, username=null, password=null}}, heartbeatSocketSettings=SocketSettings{connectTimeoutMS=10000, readTimeoutMS=10000, receiveBufferSize=0, proxySettings=ProxySettings{host=null, port=null, username=null, password=null}}, connectionPoolSettings=ConnectionPoolSettings{maxSize=100, minSize=0, maxWaitTimeMS=120000, maxConnectionLifeTimeMS=0, maxConnectionIdleTimeMS=0, maintenanceInitialDelayMS=0, maintenanceFrequencyMS=60000, connectionPoolListeners=[], maxConnecting=2}, serverSettings=ServerSettings{heartbeatFrequencyMS=10000, minHeartbeatFrequencyMS=500, serverListeners='[]', serverMonitorListeners='[]'}, sslSettings=SslSettings{enabled=true, invalidHostNameAllowed=false, context=null}, applicationName='e-commerce-dashboard', compressorList=[], uuidRepresentation=JAVA_LEGACY, serverApi=null, autoEncryptionSettings=null, dnsClient=null, inetAddressResolver=null, contextProvider=null}
18:50:24.737 10748 INFO  org.mongodb.driver.cluster - Adding discovered server e-commerce-dashboard-shard-00-00.unxzp.mongodb.net:27017 to client view of cluster
18:50:24.751 10762 INFO  org.mongodb.driver.cluster - Adding discovered server e-commerce-dashboard-shard-00-02.unxzp.mongodb.net:27017 to client view of cluster
18:50:25.884 11895 INFO  org.mongodb.driver.cluster - Waiting for server to become available for operation with ID 7. Remaining time: 30000 ms. Selector: WritableServerSelector, topology description: {type=REPLICA_SET, servers=[{address=e-commerce-dashboard-shard-00-02.unxzp.mongodb.net:27017, type=UNKNOWN, state=CONNECTING}, {address=e-commerce-dashboard-shard-00-00.unxzp.mongodb.net:27017, type=UNKNOWN, state=CONNECTING}, {address=e-commerce-dashboard-shard-00-01.unxzp.mongodb.net:27017, type=UNKNOWN, state=CONNECTING}].
18:50:25.987 11998 INFO  org.mongodb.driver.cluster - Monitor thread successfully connected to server with description ServerDescription{address=e-commerce-dashboard-shard-00-01.unxzp.mongodb.net:27017, type=REPLICA_SET_PRIMARY, state=CONNECTED, ok=true, minWireVersion=0, maxWireVersion=21, maxDocumentSize=16777216, logicalSessionTimeoutMinutes=30, roundTripTimeNanos=585653600, setName='atlas-75g8zl-shard-0', canonicalAddress=e-commerce-dashboard-shard-00-01.unxzp.mongodb.net:27017, hosts=[e-commerce-dashboard-shard-00-02.unxzp.mongodb.net:27017, e-commerce-dashboard-shard-00-00.unxzp.mongodb.net:27017, e-commerce-dashboard-shard-00-01.unxzp.mongodb.net:27017], passives=[], arbiters=[], primary='e-commerce-dashboard-shard-00-01.unxzp.mongodb.net:27017', tagSet=TagSet{[Tag{name='availabilityZone', value='aps1-az3'}, Tag{name='diskState', value='READY'}, Tag{name='nodeType', value='ELECTABLE'}, Tag{name='provider', value='AWS'}, Tag{name='region', value='AP_SOUTH_1'}, Tag{name='workloadType', value='OPERATIONAL'}]}, electionId=7fffffff0000000000000049, setVersion=70, topologyVersion=TopologyVersion{processId=671764819efd5126fe1197ee, counter=6}, lastWriteDate=Thu Oct 24 18:50:24 PKT 2024, lastUpdateTimeNanos=429238726595700}
18:50:25.989 12000 INFO  org.mongodb.driver.cluster - Monitor thread successfully connected to server with description ServerDescription{address=e-commerce-dashboard-shard-00-02.unxzp.mongodb.net:27017, type=REPLICA_SET_SECONDARY, state=CONNECTED, ok=true, minWireVersion=0, maxWireVersion=21, maxDocumentSize=16777216, logicalSessionTimeoutMinutes=30, roundTripTimeNanos=586829600, setName='atlas-75g8zl-shard-0', canonicalAddress=e-commerce-dashboard-shard-00-02.unxzp.mongodb.net:27017, hosts=[e-commerce-dashboard-shard-00-02.unxzp.mongodb.net:27017, e-commerce-dashboard-shard-00-00.unxzp.mongodb.net:27017, e-commerce-dashboard-shard-00-01.unxzp.mongodb.net:27017], passives=[], arbiters=[], primary='e-commerce-dashboard-shard-00-01.unxzp.mongodb.net:27017', tagSet=TagSet{[Tag{name='availabilityZone', value='aps1-az2'}, Tag{name='diskState', value='READY'}, Tag{name='nodeType', value='ELECTABLE'}, Tag{name='provider', value='AWS'}, Tag{name='region', value='AP_SOUTH_1'}, Tag{name='workloadType', value='OPERATIONAL'}]}, electionId=null, setVersion=70, topologyVersion=TopologyVersion{processId=67176706bb4c1f41d5495e6d, counter=3}, lastWriteDate=Thu Oct 24 18:50:24 PKT 2024, lastUpdateTimeNanos=429238727786600}
18:50:25.991 12002 INFO  org.mongodb.driver.cluster - Monitor thread successfully connected to server with description ServerDescription{address=e-commerce-dashboard-shard-00-00.unxzp.mongodb.net:27017, type=REPLICA_SET_SECONDARY, state=CONNECTED, ok=true, minWireVersion=0, maxWireVersion=21, maxDocumentSize=16777216, logicalSessionTimeoutMinutes=30, roundTripTimeNanos=581873500, setName='atlas-75g8zl-shard-0', canonicalAddress=e-commerce-dashboard-shard-00-00.unxzp.mongodb.net:27017, hosts=[e-commerce-dashboard-shard-00-02.unxzp.mongodb.net:27017, e-commerce-dashboard-shard-00-00.unxzp.mongodb.net:27017, e-commerce-dashboard-shard-00-01.unxzp.mongodb.net:27017], passives=[], arbiters=[], primary='e-commerce-dashboard-shard-00-01.unxzp.mongodb.net:27017', tagSet=TagSet{[Tag{name='availabilityZone', value='aps1-az1'}, Tag{name='diskState', value='READY'}, Tag{name='nodeType', value='ELECTABLE'}, Tag{name='provider', value='AWS'}, Tag{name='region', value='AP_SOUTH_1'}, Tag{name='workloadType', value='OPERATIONAL'}]}, electionId=null, setVersion=70, topologyVersion=TopologyVersion{processId=67176581132fbdd523be4002, counter=4}, lastWriteDate=Thu Oct 24 18:50:24 PKT 2024, lastUpdateTimeNanos=429238722769800}
18:50:25.994 12005 INFO  org.mongodb.driver.cluster - Discovered replica set primary e-commerce-dashboard-shard-00-01.unxzp.mongodb.net:27017 with max election id 7fffffff0000000000000049 and max set version 70
18:50:27.245 13256 INFO  o.s.b.f.a.AutowiredAnnotationBeanPostProcessor - Autowired annotation should only be used on methods with parameters: public java.lang.Object com.e_Commerce_app_group.e_commerce_dashboard.controllers.PublicController.getAlCategories()
18:50:27.409 13420 WARN  o.s.b.w.s.c.AnnotationConfigServletWebServerApplicationContext - Exception encountered during context initialization - cancelling refresh attempt: org.springframework.beans.factory.BeanCreationException: Error creating bean with name 'publicController': Injection of autowired dependencies failed
18:50:27.717 13728 INFO  o.a.catalina.core.StandardService - Stopping service [Tomcat]
18:50:27.742 13753 INFO  o.s.b.a.l.ConditionEvaluationReportLogger - 

Error starting ApplicationContext. To display the condition evaluation report re-run your application with 'debug' enabled.
18:50:27.790 13801 ERROR o.s.boot.SpringApplication - Application run failed
org.springframework.beans.factory.BeanCreationException: Error creating bean with name 'publicController': Injection of autowired dependencies failed
	at org.springframework.beans.factory.annotation.AutowiredAnnotationBeanPostProcessor.postProcessProperties(AutowiredAnnotationBeanPostProcessor.java:515)
	at org.springframework.beans.factory.support.AbstractAutowireCapableBeanFactory.populateBean(AbstractAutowireCapableBeanFactory.java:1439)
	at org.springframework.beans.factory.support.AbstractAutowireCapableBeanFactory.doCreateBean(AbstractAutowireCapableBeanFactory.java:599)
	at org.springframework.beans.factory.support.AbstractAutowireCapableBeanFactory.createBean(AbstractAutowireCapableBeanFactory.java:522)
	at org.springframework.beans.factory.support.AbstractBeanFactory.lambda$doGetBean$0(AbstractBeanFactory.java:337)
	at org.springframework.beans.factory.support.DefaultSingletonBeanRegistry.getSingleton(DefaultSingletonBeanRegistry.java:234)
	at org.springframework.beans.factory.support.AbstractBeanFactory.doGetBean(AbstractBeanFactory.java:335)
	at org.springframework.beans.factory.support.AbstractBeanFactory.getBean(AbstractBeanFactory.java:200)
	at org.springframework.beans.factory.support.DefaultListableBeanFactory.preInstantiateSingletons(DefaultListableBeanFactory.java:975)
	at org.springframework.context.support.AbstractApplicationContext.finishBeanFactoryInitialization(AbstractApplicationContext.java:971)
	at org.springframework.context.support.AbstractApplicationContext.refresh(AbstractApplicationContext.java:625)
	at org.springframework.boot.web.servlet.context.ServletWebServerApplicationContext.refresh(ServletWebServerApplicationContext.java:146)
	at org.springframework.boot.SpringApplication.refresh(SpringApplication.java:754)
	at org.springframework.boot.SpringApplication.refreshContext(SpringApplication.java:456)
	at org.springframework.boot.SpringApplication.run(SpringApplication.java:335)
	at org.springframework.boot.SpringApplication.run(SpringApplication.java:1363)
	at org.springframework.boot.SpringApplication.run(SpringApplication.java:1352)
	at com.e_Commerce_app_group.e_commerce_dashboard.ECommerceDashboardApplication.main(ECommerceDashboardApplication.java:23)
Caused by: java.lang.RuntimeException: java.lang.NoClassDefFoundError: com/e_Commerce_app_group/e_commerce_dashboard/pojos/CategoryEntity (wrong name: com/e_Commerce_app_group/e_commerce_dashboard/Pojos/CategoryEntity)
	at org.springframework.data.repository.core.support.RepositoryMethodInvoker$RepositoryFragmentMethodInvoker.lambda$new$0(RepositoryMethodInvoker.java:281)
	at org.springframework.data.repository.core.support.RepositoryMethodInvoker.doInvoke(RepositoryMethodInvoker.java:170)
	at org.springframework.data.repository.core.support.RepositoryMethodInvoker.invoke(RepositoryMethodInvoker.java:158)
	at org.springframework.data.repository.core.support.RepositoryComposition$RepositoryFragments.invoke(RepositoryComposition.java:516)
	at org.springframework.data.repository.core.support.RepositoryComposition.invoke(RepositoryComposition.java:285)
	at org.springframework.data.repository.core.support.RepositoryFactorySupport$ImplementationMethodExecutionInterceptor.invoke(RepositoryFactorySupport.java:628)
	at org.springframework.aop.framework.ReflectiveMethodInvocation.proceed(ReflectiveMethodInvocation.java:184)
	at org.springframework.data.repository.core.support.QueryExecutorMethodInterceptor.doInvoke(QueryExecutorMethodInterceptor.java:173)
	at org.springframework.data.repository.core.support.QueryExecutorMethodInterceptor.invoke(QueryExecutorMethodInterceptor.java:148)
	at org.springframework.aop.framework.ReflectiveMethodInvocation.proceed(ReflectiveMethodInvocation.java:184)
	at org.springframework.data.projection.DefaultMethodInvokingMethodInterceptor.invoke(DefaultMethodInvokingMethodInterceptor.java:70)
	at org.springframework.aop.framework.ReflectiveMethodInvocation.proceed(ReflectiveMethodInvocation.java:184)
	at org.springframework.data.mongodb.repository.support.CrudMethodMetadataPostProcessor$CrudMethodMetadataPopulatingMethodInterceptor.invoke(CrudMethodMetadataPostProcessor.java:158)
	at org.springframework.aop.framework.ReflectiveMethodInvocation.proceed(ReflectiveMethodInvocation.java:184)
	at org.springframework.aop.interceptor.ExposeInvocationInterceptor.invoke(ExposeInvocationInterceptor.java:97)
	at org.springframework.aop.framework.ReflectiveMethodInvocation.proceed(ReflectiveMethodInvocation.java:184)
	at org.springframework.aop.framework.JdkDynamicAopProxy.invoke(JdkDynamicAopProxy.java:223)
	at jdk.proxy2/jdk.proxy2.$Proxy89.findAll(Unknown Source)
	at com.e_Commerce_app_group.e_commerce_dashboard.services.CategoryService.getAllcategories(CategoryService.java:25)
	at com.e_Commerce_app_group.e_commerce_dashboard.controllers.PublicController.getAlCategories(PublicController.java:29)
	at java.base/jdk.internal.reflect.NativeMethodAccessorImpl.invoke0(Native Method)
	at java.base/jdk.internal.reflect.NativeMethodAccessorImpl.invoke(NativeMethodAccessorImpl.java:77)
	at java.base/jdk.internal.reflect.DelegatingMethodAccessorImpl.invoke(DelegatingMethodAccessorImpl.java:43)
	at java.base/java.lang.reflect.Method.invoke(Method.java:568)
	at org.springframework.beans.factory.annotation.AutowiredAnnotationBeanPostProcessor$AutowiredMethodElement.inject(AutowiredAnnotationBeanPostProcessor.java:854)
	at org.springframework.beans.factory.annotation.InjectionMetadata.inject(InjectionMetadata.java:145)
	at org.springframework.beans.factory.annotation.AutowiredAnnotationBeanPostProcessor.postProcessProperties(AutowiredAnnotationBeanPostProcessor.java:509)
	... 17 common frames omitted
Caused by: java.lang.NoClassDefFoundError: com/e_Commerce_app_group/e_commerce_dashboard/pojos/CategoryEntity (wrong name: com/e_Commerce_app_group/e_commerce_dashboard/Pojos/CategoryEntity)
	at java.base/java.lang.ClassLoader.defineClass1(Native Method)
	at java.base/java.lang.ClassLoader.defineClass(ClassLoader.java:1017)
	at java.base/java.security.SecureClassLoader.defineClass(SecureClassLoader.java:150)
	at java.base/jdk.internal.loader.BuiltinClassLoader.defineClass(BuiltinClassLoader.java:862)
	at java.base/jdk.internal.loader.BuiltinClassLoader.findClassOnClassPathOrNull(BuiltinClassLoader.java:760)
	at java.base/jdk.internal.loader.BuiltinClassLoader.loadClassOrNull(BuiltinClassLoader.java:681)
	at java.base/jdk.internal.loader.BuiltinClassLoader.loadClass(BuiltinClassLoader.java:639)
	at java.base/jdk.internal.loader.ClassLoaders$AppClassLoader.loadClass(ClassLoaders.java:188)
	at java.base/java.lang.ClassLoader.loadClass(ClassLoader.java:525)
	at java.base/java.lang.Class.forName0(Native Method)
	at java.base/java.lang.Class.forName(Class.java:467)
	at org.springframework.util.ClassUtils.forName(ClassUtils.java:304)
	at org.springframework.data.convert.SimpleTypeInformationMapper.loadClass(SimpleTypeInformationMapper.java:84)
	at java.base/java.util.concurrent.ConcurrentHashMap.computeIfAbsent(ConcurrentHashMap.java:1708)
	at org.springframework.data.convert.SimpleTypeInformationMapper.resolveTypeFrom(SimpleTypeInformationMapper.java:58)
	at org.springframework.data.convert.DefaultTypeMapper.lambda$new$0(DefaultTypeMapper.java:99)
	at java.base/java.util.concurrent.ConcurrentHashMap.computeIfAbsent(ConcurrentHashMap.java:1708)
	at org.springframework.data.convert.DefaultTypeMapper.getFromCacheOrCreate(DefaultTypeMapper.java:127)
	at org.springframework.data.convert.DefaultTypeMapper.readType(DefaultTypeMapper.java:115)
	at org.springframework.data.convert.DefaultTypeMapper.getDefaultedTypeToBeUsed(DefaultTypeMapper.java:166)
	at org.springframework.data.convert.DefaultTypeMapper.readType(DefaultTypeMapper.java:136)
	at org.springframework.data.mongodb.core.convert.MappingMongoConverter.readDocument(MappingMongoConverter.java:457)
	at org.springframework.data.mongodb.core.convert.MappingMongoConverter.read(MappingMongoConverter.java:440)
	at org.springframework.data.mongodb.core.convert.MappingMongoConverter.read(MappingMongoConverter.java:436)
	at org.springframework.data.mongodb.core.convert.MappingMongoConverter.read(MappingMongoConverter.java:127)
	at org.springframework.data.mongodb.core.MongoTemplate$ReadDocumentCallback.doWith(MongoTemplate.java:3293)
	at org.springframework.data.mongodb.core.MongoTemplate.executeFindMultiInternal(MongoTemplate.java:2927)
	at org.springframework.data.mongodb.core.MongoTemplate.doFind(MongoTemplate.java:2604)
	at org.springframework.data.mongodb.core.MongoTemplate.doFind(MongoTemplate.java:2583)
	at org.springframework.data.mongodb.core.MongoTemplate.find(MongoTemplate.java:868)
	at org.springframework.data.mongodb.repository.support.SimpleMongoRepository.findAll(SimpleMongoRepository.java:402)
	at org.springframework.data.mongodb.repository.support.SimpleMongoRepository.findAll(SimpleMongoRepository.java:144)
	at java.base/jdk.internal.reflect.NativeMethodAccessorImpl.invoke0(Native Method)
	at java.base/jdk.internal.reflect.NativeMethodAccessorImpl.invoke(NativeMethodAccessorImpl.java:77)
	at java.base/jdk.internal.reflect.DelegatingMethodAccessorImpl.invoke(DelegatingMethodAccessorImpl.java:43)
	at java.base/java.lang.reflect.Method.invoke(Method.java:568)
	at org.springframework.aop.support.AopUtils.invokeJoinpointUsingReflection(AopUtils.java:355)
	at org.springframework.data.repository.core.support.RepositoryMethodInvoker$RepositoryFragmentMethodInvoker.lambda$new$0(RepositoryMethodInvoker.java:277)
	... 43 common frames omitted
